<?xml version="1.0" encoding="UTF-8"?>
<!-- Generated by org.testng.reporters.JUnitReportReporter -->
<testsuite skipped="0" hostname="DESKTOP-B1V894H" name="com.UI.common.tests.TestJobFilterTeam" tests="1" failures="0" timestamp="05 Aug 2019 22:11:55 GMT" time="3.225" errors="0">
  <testcase name="testCareerPage" time="3.225" classname="com.UI.common.tests.TestJobFilterTeam"/>
</testsuite> <!-- com.UI.common.tests.TestJobFilterTeam -->
