<?xml version="1.0" encoding="UTF-8"?>
<!-- Generated by org.testng.reporters.JUnitReportReporter -->
<testsuite skipped="0" hostname="DESKTOP-B1V894H" name="com.UI.common.tests.TestJobFilter" tests="1" failures="0" timestamp="05 Aug 2019 22:11:55 GMT" time="2.800" errors="0">
  <testcase name="testJobFilter" time="2.800" classname="com.UI.common.tests.TestJobFilter"/>
</testsuite> <!-- com.UI.common.tests.TestJobFilter -->
